<?xml version="1.0" encoding="UTF-8"?>
<!-- Generated by org.testng.reporters.JUnitXMLReporter -->
<testsuite ignored="3" hostname="MSI" failures="0" tests="1" name="Default test" time="7.964" errors="0" timestamp="2025-03-05T00:08:15 IST">
  <testcase classname="sampleSeleniumProject.com.Selenium.SampleTest2" name="selectDropDown" time="7.906"/>
  <testcase classname="sampleSeleniumProject.com.Selenium.SampleTest2" name="ScroleTest" time="0.0">
    <ignored/>
  </testcase> <!-- ScroleTest -->
  <testcase classname="sampleSeleniumProject.com.Selenium.SampleTest2" name="SelectInBootStrapDropDown" time="0.0">
    <ignored/>
  </testcase> <!-- SelectInBootStrapDropDown -->
  <testcase classname="sampleSeleniumProject.com.Selenium.SampleTest2" name="SelectMultipleDropDown" time="0.0">
    <ignored/>
  </testcase> <!-- SelectMultipleDropDown -->
</testsuite> <!-- Default test -->
