<?xml version="1.0" encoding="UTF-8"?>
<!-- Generated by org.testng.reporters.JUnitXMLReporter -->
<testsuite ignored="12" hostname="MSI" failures="0" tests="1" name="Default test" time="5.175" errors="0" timestamp="2025-03-19T11:19:49 IST">
  <testcase classname="sampleSeleniumProject.com.Selenium.SampleTest2" name="takeSS" time="4.261"/>
  <testcase classname="sampleSeleniumProject.com.Selenium.SampleTest2" name="webTabel" time="0.0">
    <ignored/>
  </testcase> <!-- webTabel -->
  <testcase classname="sampleSeleniumProject.com.Selenium.SampleTest2" name="SelectMultipleDropDown" time="0.0">
    <ignored/>
  </testcase> <!-- SelectMultipleDropDown -->
  <testcase classname="sampleSeleniumProject.com.Selenium.SampleTest2" name="keyBordAction" time="0.0">
    <ignored/>
  </testcase> <!-- keyBordAction -->
  <testcase classname="sampleSeleniumProject.com.Selenium.SampleTest2" name="webhandels" time="0.0">
    <ignored/>
  </testcase> <!-- webhandels -->
  <testcase classname="sampleSeleniumProject.com.Selenium.SampleTest2" name="alert" time="0.0">
    <ignored/>
  </testcase> <!-- alert -->
  <testcase classname="sampleSeleniumProject.com.Selenium.SampleTest2" name="checkURLConnection" time="0.0">
    <ignored/>
  </testcase> <!-- checkURLConnection -->
  <testcase classname="sampleSeleniumProject.com.Selenium.SampleTest2" name="ScroleTest" time="0.0">
    <ignored/>
  </testcase> <!-- ScroleTest -->
  <testcase classname="sampleSeleniumProject.com.Selenium.SampleTest2" name="SelectInBootStrapDropDown" time="0.0">
    <ignored/>
  </testcase> <!-- SelectInBootStrapDropDown -->
  <testcase classname="sampleSeleniumProject.com.Selenium.SampleTest2" name="basicAouth" time="0.0">
    <ignored/>
  </testcase> <!-- basicAouth -->
  <testcase classname="sampleSeleniumProject.com.Selenium.SampleTest2" name="selectDropDown" time="0.0">
    <ignored/>
  </testcase> <!-- selectDropDown -->
  <testcase classname="sampleSeleniumProject.com.Selenium.SampleTest2" name="bookMyshow" time="0.0">
    <ignored/>
  </testcase> <!-- bookMyshow -->
  <testcase classname="sampleSeleniumProject.com.Selenium.SampleTest2" name="seletInDynamicDropDown" time="0.0">
    <ignored/>
  </testcase> <!-- seletInDynamicDropDown -->
</testsuite> <!-- Default test -->
