<?xml version="1.0" encoding="UTF-8"?>
<testng-results ignored="0" total="1" passed="1" failed="0" skipped="0">
  <reporter-output>
  </reporter-output>
  <suite started-at="2025-03-02T14:39:21 IST" name="Surefire suite" finished-at="2025-03-02T14:39:29 IST" duration-ms="8560">
    <groups>
    </groups>
    <test started-at="2025-03-02T14:39:21 IST" name="Surefire test" finished-at="2025-03-02T14:39:29 IST" duration-ms="8560">
      <class name="sampleSeleniumProject.com.Selenium.SampleTest">
        <test-method signature="setup(java.lang.String)[pri:0, instance:sampleSeleniumProject.com.Selenium.SampleTest@27ae2fd0]" started-at="2025-03-02T14:39:21 IST" name="setup" finished-at="2025-03-02T14:39:29 IST" duration-ms="8503" status="PASS">
          <params>
            <param index="0">
              <value>
                <![CDATA[edge]]>
              </value>
            </param>
          </params>
          <reporter-output>
          </reporter-output>
        </test-method> <!-- setup -->
      </class> <!-- sampleSeleniumProject.com.Selenium.SampleTest -->
    </test> <!-- Surefire test -->
  </suite> <!-- Surefire suite -->
</testng-results>
