<?xml version="1.0" encoding="UTF-8"?>
<testng-results ignored="3" total="4" passed="1" failed="0" skipped="0">
  <reporter-output>
  </reporter-output>
  <suite started-at="2025-03-05T00:08:07 IST" name="Default suite" finished-at="2025-03-05T00:08:15 IST" duration-ms="7964">
    <groups>
    </groups>
    <test started-at="2025-03-05T00:08:07 IST" name="Default test" finished-at="2025-03-05T00:08:15 IST" duration-ms="7964">
      <class name="sampleSeleniumProject.com.Selenium.SampleTest2">
        <test-method signature="selectDropDown()[pri:0, instance:sampleSeleniumProject.com.Selenium.SampleTest2@7cc0cdad]" started-at="2025-03-05T00:08:07 IST" name="selectDropDown" finished-at="2025-03-05T00:08:15 IST" duration-ms="7906" status="PASS">
          <reporter-output>
          </reporter-output>
        </test-method> <!-- selectDropDown -->
      </class> <!-- sampleSeleniumProject.com.Selenium.SampleTest2 -->
    </test> <!-- Default test -->
  </suite> <!-- Default suite -->
</testng-results>
