<?xml version="1.0" encoding="UTF-8"?>
<testng-results ignored="0" total="5" passed="5" failed="0" skipped="0">
  <reporter-output>
  </reporter-output>
  <suite started-at="2025-03-06T14:54:20 IST" name="Suite" finished-at="2025-03-06T14:54:56 IST" duration-ms="36605">
    <groups>
    </groups>
    <test started-at="2025-03-06T14:54:20 IST" name="Test" finished-at="2025-03-06T14:54:56 IST" duration-ms="36605">
      <class name="sampleSeleniumProject.com.Selenium.SampleTest">
        <test-method signature="setup()[pri:0, instance:sampleSeleniumProject.com.Selenium.SampleTest@692f203f]" started-at="2025-03-06T14:54:52 IST" name="setup" finished-at="2025-03-06T14:54:56 IST" duration-ms="4296" status="PASS">
          <reporter-output>
          </reporter-output>
        </test-method> <!-- setup -->
      </class> <!-- sampleSeleniumProject.com.Selenium.SampleTest -->
      <class name="sampleSeleniumProject.com.Selenium.SampleTest2">
        <test-method signature="ScroleTest()[pri:0, instance:sampleSeleniumProject.com.Selenium.SampleTest2@459e9125]" started-at="2025-03-06T14:54:20 IST" name="ScroleTest" finished-at="2025-03-06T14:54:31 IST" duration-ms="11522" status="PASS">
          <reporter-output>
          </reporter-output>
        </test-method> <!-- ScroleTest -->
        <test-method signature="SelectInBootStrapDropDown()[pri:0, instance:sampleSeleniumProject.com.Selenium.SampleTest2@459e9125]" started-at="2025-03-06T14:54:31 IST" name="SelectInBootStrapDropDown" finished-at="2025-03-06T14:54:40 IST" duration-ms="8587" status="PASS">
          <reporter-output>
          </reporter-output>
        </test-method> <!-- SelectInBootStrapDropDown -->
        <test-method signature="SelectMultipleDropDown()[pri:0, instance:sampleSeleniumProject.com.Selenium.SampleTest2@459e9125]" started-at="2025-03-06T14:54:40 IST" name="SelectMultipleDropDown" finished-at="2025-03-06T14:54:48 IST" duration-ms="7691" status="PASS">
          <reporter-output>
          </reporter-output>
        </test-method> <!-- SelectMultipleDropDown -->
        <test-method signature="selectDropDown()[pri:0, instance:sampleSeleniumProject.com.Selenium.SampleTest2@459e9125]" started-at="2025-03-06T14:54:48 IST" name="selectDropDown" finished-at="2025-03-06T14:54:52 IST" duration-ms="4447" status="PASS">
          <reporter-output>
          </reporter-output>
        </test-method> <!-- selectDropDown -->
      </class> <!-- sampleSeleniumProject.com.Selenium.SampleTest2 -->
    </test> <!-- Test -->
  </suite> <!-- Suite -->
</testng-results>
